<?xml version="1.0" encoding="UTF-8"?>
<testng-results ignored="0" total="1" passed="1" failed="0" skipped="0">
  <reporter-output>
  </reporter-output>
  <suite started-at="2021-04-15T16:42:32 IST" name="Default suite" finished-at="2021-04-15T16:42:48 IST" duration-ms="15951">
    <groups>
    </groups>
    <test started-at="2021-04-15T16:42:32 IST" name="Default test" finished-at="2021-04-15T16:42:48 IST" duration-ms="15951">
      <class name="com.amazon.SearchTestCase">
        <test-method is-config="true" signature="lauchURL()[pri:0, instance:com.amazon.SearchTestCase@625abb97]" started-at="2021-04-15T16:42:32 IST" name="lauchURL" finished-at="2021-04-15T16:42:41 IST" duration-ms="9120" status="PASS">
          <reporter-output>
          </reporter-output>
        </test-method> <!-- lauchURL -->
        <test-method signature="searchBox()[pri:0, instance:com.amazon.SearchTestCase@625abb97]" started-at="2021-04-15T16:42:41 IST" name="searchBox" finished-at="2021-04-15T16:42:47 IST" duration-ms="5862" status="PASS">
          <reporter-output>
          </reporter-output>
        </test-method> <!-- searchBox -->
        <test-method is-config="true" signature="closeBrowser()[pri:0, instance:com.amazon.SearchTestCase@625abb97]" started-at="2021-04-15T16:42:47 IST" name="closeBrowser" finished-at="2021-04-15T16:42:48 IST" duration-ms="913" status="PASS">
          <reporter-output>
          </reporter-output>
        </test-method> <!-- closeBrowser -->
      </class> <!-- com.amazon.SearchTestCase -->
    </test> <!-- Default test -->
  </suite> <!-- Default suite -->
</testng-results>
